[25-Oct-2024 05:43:21 UTC] PHP Warning:  rename(uploads/rrrrr.docx,uploads/hwheh): No such file or directory in /home/admin.gwamerchandise.com/public_html/finance/finance1.php on line 140
[25-Oct-2024 05:43:59 UTC] PHP Warning:  unlink(uploads/rrrrr.docx): No such file or directory in /home/admin.gwamerchandise.com/public_html/finance/finance1.php on line 106
[25-Oct-2024 05:44:47 UTC] PHP Warning:  Undefined variable $pdo in /home/admin.gwamerchandise.com/public_html/finance/finance3edit.php on line 10
[25-Oct-2024 05:44:47 UTC] PHP Fatal error:  Uncaught Error: Call to a member function prepare() on null in /home/admin.gwamerchandise.com/public_html/finance/finance3edit.php:10
Stack trace:
#0 {main}
  thrown in /home/admin.gwamerchandise.com/public_html/finance/finance3edit.php on line 10
[25-Oct-2024 05:52:59 UTC] PHP Fatal error:  Uncaught mysqli_sql_exception: You have an error in your SQL syntax; check the manual that corresponds to your MariaDB server version for the right syntax to use near ':id' at line 1 in /home/admin.gwamerchandise.com/public_html/finance/finance3edit.php:10
Stack trace:
#0 /home/admin.gwamerchandise.com/public_html/finance/finance3edit.php(10): mysqli->prepare()
#1 {main}
  thrown in /home/admin.gwamerchandise.com/public_html/finance/finance3edit.php on line 10
[25-Oct-2024 05:55:44 UTC] PHP Warning:  Undefined array key "address" in /home/admin.gwamerchandise.com/public_html/finance/finance3edit.php on line 219
[25-Oct-2024 06:04:22 UTC] PHP Warning:  Undefined array key "address" in /home/admin.gwamerchandise.com/public_html/finance/finance3edit.php on line 234
[25-Oct-2024 06:04:33 UTC] PHP Warning:  Undefined array key "address" in /home/admin.gwamerchandise.com/public_html/finance/finance3edit.php on line 234
[25-Oct-2024 06:11:23 UTC] PHP Warning:  Undefined array key "address" in /home/admin.gwamerchandise.com/public_html/finance/finance3edit.php on line 210
[25-Oct-2024 06:17:13 UTC] PHP Warning:  Undefined variable $pdo in /home/admin.gwamerchandise.com/public_html/finance/finance3changepassword.php on line 10
[25-Oct-2024 06:17:13 UTC] PHP Fatal error:  Uncaught Error: Call to a member function prepare() on null in /home/admin.gwamerchandise.com/public_html/finance/finance3changepassword.php:10
Stack trace:
#0 {main}
  thrown in /home/admin.gwamerchandise.com/public_html/finance/finance3changepassword.php on line 10
[27-Oct-2024 11:22:07 UTC] PHP Notice:  session_start(): Ignoring session_start() because a session is already active in /home/admin.gwamerchandise.com/public_html/auth_check.php on line 2
[27-Oct-2024 11:37:49 UTC] PHP Notice:  session_start(): Ignoring session_start() because a session is already active in /home/admin.gwamerchandise.com/public_html/auth_check.php on line 2
[27-Oct-2024 12:06:10 UTC] PHP Notice:  session_start(): Ignoring session_start() because a session is already active in /home/admin.gwamerchandise.com/public_html/auth_check.php on line 2
[27-Oct-2024 12:06:31 UTC] PHP Notice:  session_start(): Ignoring session_start() because a session is already active in /home/admin.gwamerchandise.com/public_html/auth_check.php on line 2
[27-Oct-2024 12:06:46 UTC] PHP Notice:  session_start(): Ignoring session_start() because a session is already active in /home/admin.gwamerchandise.com/public_html/auth_check.php on line 2
