[17-Oct-2024 18:17:25 UTC] PHP Warning:  include(dbconnect.php): Failed to open stream: No such file or directory in /home/admin.gwamerchandise.com/public_html/hr/hr5.php on line 5
[17-Oct-2024 18:17:25 UTC] PHP Warning:  include(dbconnect.php): Failed to open stream: No such file or directory in /home/admin.gwamerchandise.com/public_html/hr/hr5.php on line 5
[17-Oct-2024 18:17:25 UTC] PHP Warning:  include(): Failed opening 'dbconnect.php' for inclusion (include_path='.:') in /home/admin.gwamerchandise.com/public_html/hr/hr5.php on line 5
[17-Oct-2024 18:17:45 UTC] PHP Warning:  include(dbconnect.php): Failed to open stream: No such file or directory in /home/admin.gwamerchandise.com/public_html/hr/hr5.php on line 5
[17-Oct-2024 18:17:45 UTC] PHP Warning:  include(dbconnect.php): Failed to open stream: No such file or directory in /home/admin.gwamerchandise.com/public_html/hr/hr5.php on line 5
[17-Oct-2024 18:17:45 UTC] PHP Warning:  include(): Failed opening 'dbconnect.php' for inclusion (include_path='.:') in /home/admin.gwamerchandise.com/public_html/hr/hr5.php on line 5
[17-Oct-2024 18:18:45 UTC] PHP Warning:  include(dbconnect.php): Failed to open stream: No such file or directory in /home/admin.gwamerchandise.com/public_html/hr/hr5.php on line 5
[17-Oct-2024 18:18:45 UTC] PHP Warning:  include(dbconnect.php): Failed to open stream: No such file or directory in /home/admin.gwamerchandise.com/public_html/hr/hr5.php on line 5
[17-Oct-2024 18:18:45 UTC] PHP Warning:  include(): Failed opening 'dbconnect.php' for inclusion (include_path='.:') in /home/admin.gwamerchandise.com/public_html/hr/hr5.php on line 5
[18-Oct-2024 12:48:51 UTC] PHP Warning:  Undefined variable $mysqli in /home/admin.gwamerchandise.com/public_html/hr/hr4.php on line 10
[18-Oct-2024 12:48:51 UTC] PHP Fatal error:  Uncaught Error: Call to a member function prepare() on null in /home/admin.gwamerchandise.com/public_html/hr/hr4.php:10
Stack trace:
#0 {main}
  thrown in /home/admin.gwamerchandise.com/public_html/hr/hr4.php on line 10
[20-Oct-2024 14:05:26 UTC] PHP Warning:  include(dbconnect.php): Failed to open stream: No such file or directory in /home/admin.gwamerchandise.com/public_html/hr/hr5.php on line 5
[20-Oct-2024 14:05:26 UTC] PHP Warning:  include(dbconnect.php): Failed to open stream: No such file or directory in /home/admin.gwamerchandise.com/public_html/hr/hr5.php on line 5
[20-Oct-2024 14:05:26 UTC] PHP Warning:  include(): Failed opening 'dbconnect.php' for inclusion (include_path='.:') in /home/admin.gwamerchandise.com/public_html/hr/hr5.php on line 5
[24-Oct-2024 14:03:44 UTC] PHP Warning:  include(dbconnect.php): Failed to open stream: No such file or directory in /home/admin.gwamerchandise.com/public_html/hr/hr4edit.php on line 2
[24-Oct-2024 14:03:44 UTC] PHP Warning:  include(dbconnect.php): Failed to open stream: No such file or directory in /home/admin.gwamerchandise.com/public_html/hr/hr4edit.php on line 2
[24-Oct-2024 14:03:44 UTC] PHP Warning:  include(): Failed opening 'dbconnect.php' for inclusion (include_path='.:') in /home/admin.gwamerchandise.com/public_html/hr/hr4edit.php on line 2
[24-Oct-2024 14:03:44 UTC] PHP Warning:  Undefined variable $pdo in /home/admin.gwamerchandise.com/public_html/hr/hr4edit.php on line 10
[24-Oct-2024 14:03:44 UTC] PHP Fatal error:  Uncaught Error: Call to a member function prepare() on null in /home/admin.gwamerchandise.com/public_html/hr/hr4edit.php:10
Stack trace:
#0 {main}
  thrown in /home/admin.gwamerchandise.com/public_html/hr/hr4edit.php on line 10
[24-Oct-2024 14:04:31 UTC] PHP Warning:  Undefined variable $pdo in /home/admin.gwamerchandise.com/public_html/hr/hr4edit.php on line 10
[24-Oct-2024 14:04:31 UTC] PHP Fatal error:  Uncaught Error: Call to a member function prepare() on null in /home/admin.gwamerchandise.com/public_html/hr/hr4edit.php:10
Stack trace:
#0 {main}
  thrown in /home/admin.gwamerchandise.com/public_html/hr/hr4edit.php on line 10
[24-Oct-2024 14:08:33 UTC] PHP Warning:  Undefined variable $mysqli in /home/admin.gwamerchandise.com/public_html/hr/hr4.php on line 10
[24-Oct-2024 14:08:33 UTC] PHP Fatal error:  Uncaught Error: Call to a member function prepare() on null in /home/admin.gwamerchandise.com/public_html/hr/hr4.php:10
Stack trace:
#0 {main}
  thrown in /home/admin.gwamerchandise.com/public_html/hr/hr4.php on line 10
[24-Oct-2024 14:12:56 UTC] PHP Warning:  include(dbconnect.php): Failed to open stream: No such file or directory in /home/admin.gwamerchandise.com/public_html/hr/hr5.php on line 5
[24-Oct-2024 14:12:56 UTC] PHP Warning:  include(dbconnect.php): Failed to open stream: No such file or directory in /home/admin.gwamerchandise.com/public_html/hr/hr5.php on line 5
[24-Oct-2024 14:12:56 UTC] PHP Warning:  include(): Failed opening 'dbconnect.php' for inclusion (include_path='.:') in /home/admin.gwamerchandise.com/public_html/hr/hr5.php on line 5
[27-Oct-2024 11:28:25 UTC] PHP Notice:  session_start(): Ignoring session_start() because a session is already active in /home/admin.gwamerchandise.com/public_html/auth_check.php on line 2
[27-Oct-2024 11:32:23 UTC] PHP Parse error:  syntax error, unexpected token "." in /home/admin.gwamerchandise.com/public_html/hr/hr4changepassword.php on line 3
[27-Oct-2024 11:33:48 UTC] PHP Parse error:  syntax error, unexpected token "." in /home/admin.gwamerchandise.com/public_html/hr/hr4changepassword.php on line 3
[27-Oct-2024 11:37:26 UTC] PHP Parse error:  syntax error, unexpected token "." in /home/admin.gwamerchandise.com/public_html/hr/hr4changepassword.php on line 3
[27-Oct-2024 12:07:35 UTC] PHP Notice:  session_start(): Ignoring session_start() because a session is already active in /home/admin.gwamerchandise.com/public_html/auth_check.php on line 2
[27-Oct-2024 12:07:50 UTC] PHP Notice:  session_start(): Ignoring session_start() because a session is already active in /home/admin.gwamerchandise.com/public_html/auth_check.php on line 2
[31-Oct-2024 03:55:27 UTC] PHP Notice:  session_start(): Ignoring session_start() because a session is already active in /home/admin.gwamerchandise.com/public_html/auth_check.php on line 2
[31-Oct-2024 03:55:32 UTC] PHP Notice:  session_start(): Ignoring session_start() because a session is already active in /home/admin.gwamerchandise.com/public_html/auth_check.php on line 2
[31-Oct-2024 04:29:22 UTC] PHP Notice:  session_start(): Ignoring session_start() because a session is already active in /home/admin.gwamerchandise.com/public_html/auth_check.php on line 2
[31-Oct-2024 04:30:04 UTC] PHP Notice:  session_start(): Ignoring session_start() because a session is already active in /home/admin.gwamerchandise.com/public_html/auth_check.php on line 2
[31-Oct-2024 04:30:25 UTC] PHP Notice:  session_start(): Ignoring session_start() because a session is already active in /home/admin.gwamerchandise.com/public_html/auth_check.php on line 2
[31-Oct-2024 04:36:12 UTC] PHP Notice:  session_start(): Ignoring session_start() because a session is already active in /home/admin.gwamerchandise.com/public_html/auth_check.php on line 2
[31-Oct-2024 04:42:23 UTC] PHP Notice:  session_start(): Ignoring session_start() because a session is already active in /home/admin.gwamerchandise.com/public_html/auth_check.php on line 2
[31-Oct-2024 04:45:48 UTC] PHP Notice:  session_start(): Ignoring session_start() because a session is already active in /home/admin.gwamerchandise.com/public_html/auth_check.php on line 2
[31-Oct-2024 04:47:03 UTC] PHP Notice:  session_start(): Ignoring session_start() because a session is already active in /home/admin.gwamerchandise.com/public_html/auth_check.php on line 2
