[18-Oct-2024 12:40:04 UTC] PHP Warning:  Undefined variable $pdo in /home/admin.gwamerchandise.com/public_html/logistics/logistics3changepassword.php on line 10
[18-Oct-2024 12:40:04 UTC] PHP Fatal error:  Uncaught Error: Call to a member function prepare() on null in /home/admin.gwamerchandise.com/public_html/logistics/logistics3changepassword.php:10
Stack trace:
#0 {main}
  thrown in /home/admin.gwamerchandise.com/public_html/logistics/logistics3changepassword.php on line 10
[18-Oct-2024 12:42:24 UTC] PHP Warning:  Undefined variable $pdo in /home/admin.gwamerchandise.com/public_html/logistics/logistics3changepassword.php on line 10
[18-Oct-2024 12:42:24 UTC] PHP Fatal error:  Uncaught Error: Call to a member function prepare() on null in /home/admin.gwamerchandise.com/public_html/logistics/logistics3changepassword.php:10
Stack trace:
#0 {main}
  thrown in /home/admin.gwamerchandise.com/public_html/logistics/logistics3changepassword.php on line 10
[25-Oct-2024 06:37:51 UTC] PHP Warning:  Undefined variable $pdo in /home/admin.gwamerchandise.com/public_html/logistics/logistics3edit.php on line 10
[25-Oct-2024 06:37:51 UTC] PHP Fatal error:  Uncaught Error: Call to a member function prepare() on null in /home/admin.gwamerchandise.com/public_html/logistics/logistics3edit.php:10
Stack trace:
#0 {main}
  thrown in /home/admin.gwamerchandise.com/public_html/logistics/logistics3edit.php on line 10
[25-Oct-2024 06:43:52 UTC] PHP Fatal error:  Uncaught mysqli_sql_exception: Data truncated for column 'level' at row 1 in /home/admin.gwamerchandise.com/public_html/logistics/logistics3edit.php:37
Stack trace:
#0 /home/admin.gwamerchandise.com/public_html/logistics/logistics3edit.php(37): mysqli_stmt->execute()
#1 {main}
  thrown in /home/admin.gwamerchandise.com/public_html/logistics/logistics3edit.php on line 37
[25-Oct-2024 06:45:14 UTC] PHP Warning:  Undefined variable $account in /home/admin.gwamerchandise.com/public_html/logistics/logistics3edit.php on line 146
[25-Oct-2024 06:45:14 UTC] PHP Warning:  Trying to access array offset on value of type null in /home/admin.gwamerchandise.com/public_html/logistics/logistics3edit.php on line 146
[25-Oct-2024 06:45:14 UTC] PHP Warning:  Undefined variable $account in /home/admin.gwamerchandise.com/public_html/logistics/logistics3edit.php on line 151
[25-Oct-2024 06:45:14 UTC] PHP Warning:  Trying to access array offset on value of type null in /home/admin.gwamerchandise.com/public_html/logistics/logistics3edit.php on line 151
[25-Oct-2024 06:45:14 UTC] PHP Warning:  Undefined variable $account in /home/admin.gwamerchandise.com/public_html/logistics/logistics3edit.php on line 157
[25-Oct-2024 06:45:14 UTC] PHP Warning:  Trying to access array offset on value of type null in /home/admin.gwamerchandise.com/public_html/logistics/logistics3edit.php on line 157
[25-Oct-2024 06:45:14 UTC] PHP Warning:  Undefined variable $account in /home/admin.gwamerchandise.com/public_html/logistics/logistics3edit.php on line 158
[25-Oct-2024 06:45:14 UTC] PHP Warning:  Trying to access array offset on value of type null in /home/admin.gwamerchandise.com/public_html/logistics/logistics3edit.php on line 158
[25-Oct-2024 06:45:14 UTC] PHP Warning:  Undefined variable $account in /home/admin.gwamerchandise.com/public_html/logistics/logistics3edit.php on line 159
[25-Oct-2024 06:45:14 UTC] PHP Warning:  Trying to access array offset on value of type null in /home/admin.gwamerchandise.com/public_html/logistics/logistics3edit.php on line 159
[25-Oct-2024 06:45:14 UTC] PHP Warning:  Undefined variable $account in /home/admin.gwamerchandise.com/public_html/logistics/logistics3edit.php on line 160
[25-Oct-2024 06:45:14 UTC] PHP Warning:  Trying to access array offset on value of type null in /home/admin.gwamerchandise.com/public_html/logistics/logistics3edit.php on line 160
[25-Oct-2024 06:45:14 UTC] PHP Warning:  Undefined variable $account in /home/admin.gwamerchandise.com/public_html/logistics/logistics3edit.php on line 166
[25-Oct-2024 06:45:14 UTC] PHP Warning:  Trying to access array offset on value of type null in /home/admin.gwamerchandise.com/public_html/logistics/logistics3edit.php on line 166
[25-Oct-2024 06:45:14 UTC] PHP Warning:  Undefined variable $account in /home/admin.gwamerchandise.com/public_html/logistics/logistics3edit.php on line 171
[25-Oct-2024 06:45:14 UTC] PHP Warning:  Trying to access array offset on value of type null in /home/admin.gwamerchandise.com/public_html/logistics/logistics3edit.php on line 171
[25-Oct-2024 06:45:14 UTC] PHP Warning:  Undefined variable $account in /home/admin.gwamerchandise.com/public_html/logistics/logistics3edit.php on line 176
[25-Oct-2024 06:45:14 UTC] PHP Warning:  Trying to access array offset on value of type null in /home/admin.gwamerchandise.com/public_html/logistics/logistics3edit.php on line 176
[25-Oct-2024 06:45:14 UTC] PHP Warning:  Undefined variable $account in /home/admin.gwamerchandise.com/public_html/logistics/logistics3edit.php on line 181
[25-Oct-2024 06:45:14 UTC] PHP Warning:  Trying to access array offset on value of type null in /home/admin.gwamerchandise.com/public_html/logistics/logistics3edit.php on line 181
[25-Oct-2024 06:45:14 UTC] PHP Warning:  Undefined variable $account in /home/admin.gwamerchandise.com/public_html/logistics/logistics3edit.php on line 186
[25-Oct-2024 06:45:14 UTC] PHP Warning:  Trying to access array offset on value of type null in /home/admin.gwamerchandise.com/public_html/logistics/logistics3edit.php on line 186
[25-Oct-2024 06:47:27 UTC] Level value: LOGISTICS
[25-Oct-2024 06:47:27 UTC] PHP Fatal error:  Uncaught mysqli_sql_exception: Data truncated for column 'level' at row 1 in /home/admin.gwamerchandise.com/public_html/logistics/logistics3edit.php:39
Stack trace:
#0 /home/admin.gwamerchandise.com/public_html/logistics/logistics3edit.php(39): mysqli_stmt->execute()
#1 {main}
  thrown in /home/admin.gwamerchandise.com/public_html/logistics/logistics3edit.php on line 39
[25-Oct-2024 07:06:09 UTC] PHP Warning:  Undefined array key "id" in /home/admin.gwamerchandise.com/public_html/logistics/logistics3edit.php on line 21
[25-Oct-2024 07:06:09 UTC] PHP Warning:  Undefined array key "address" in /home/admin.gwamerchandise.com/public_html/logistics/logistics3edit.php on line 28
[25-Oct-2024 07:06:21 UTC] PHP Warning:  Undefined variable $pdo in /home/admin.gwamerchandise.com/public_html/logistics/logistics3changepassword.php on line 10
[25-Oct-2024 07:06:21 UTC] PHP Fatal error:  Uncaught Error: Call to a member function prepare() on null in /home/admin.gwamerchandise.com/public_html/logistics/logistics3changepassword.php:10
Stack trace:
#0 {main}
  thrown in /home/admin.gwamerchandise.com/public_html/logistics/logistics3changepassword.php on line 10
[25-Oct-2024 07:06:38 UTC] PHP Warning:  Undefined array key "id" in /home/admin.gwamerchandise.com/public_html/logistics/logistics3edit.php on line 21
[25-Oct-2024 07:06:38 UTC] PHP Warning:  Undefined array key "address" in /home/admin.gwamerchandise.com/public_html/logistics/logistics3edit.php on line 28
[25-Oct-2024 07:10:09 UTC] PHP Warning:  Undefined array key "id" in /home/admin.gwamerchandise.com/public_html/logistics/logistics3edit.php on line 22
[25-Oct-2024 07:10:09 UTC] PHP Warning:  Undefined array key "address" in /home/admin.gwamerchandise.com/public_html/logistics/logistics3edit.php on line 29
[25-Oct-2024 07:14:47 UTC] PHP Warning:  Undefined array key "address" in /home/admin.gwamerchandise.com/public_html/logistics/logistics3edit.php on line 204
[25-Oct-2024 07:22:10 UTC] PHP Warning:  Undefined variable $pdo in /home/admin.gwamerchandise.com/public_html/logistics/logistics3changepassword.php on line 10
[25-Oct-2024 07:22:10 UTC] PHP Fatal error:  Uncaught Error: Call to a member function prepare() on null in /home/admin.gwamerchandise.com/public_html/logistics/logistics3changepassword.php:10
Stack trace:
#0 {main}
  thrown in /home/admin.gwamerchandise.com/public_html/logistics/logistics3changepassword.php on line 10
[25-Oct-2024 07:24:32 UTC] PHP Fatal error:  Uncaught Error: Call to undefined method mysqli_stmt::bindParam() in /home/admin.gwamerchandise.com/public_html/logistics/logistics3changepassword.php:12
Stack trace:
#0 {main}
  thrown in /home/admin.gwamerchandise.com/public_html/logistics/logistics3changepassword.php on line 12
[25-Oct-2024 07:25:33 UTC] PHP Fatal error:  Uncaught ArgumentCountError: The number of variables must match the number of parameters in the prepared statement in /home/admin.gwamerchandise.com/public_html/logistics/logistics3changepassword.php:12
Stack trace:
#0 /home/admin.gwamerchandise.com/public_html/logistics/logistics3changepassword.php(12): mysqli_stmt->bind_param()
#1 {main}
  thrown in /home/admin.gwamerchandise.com/public_html/logistics/logistics3changepassword.php on line 12
[27-Oct-2024 08:34:36 UTC] PHP Notice:  session_start(): Ignoring session_start() because a session is already active in /home/admin.gwamerchandise.com/public_html/auth_check.php on line 2
[27-Oct-2024 11:41:28 UTC] PHP Notice:  session_start(): Ignoring session_start() because a session is already active in /home/admin.gwamerchandise.com/public_html/auth_check.php on line 2
[27-Oct-2024 12:08:00 UTC] PHP Notice:  session_start(): Ignoring session_start() because a session is already active in /home/admin.gwamerchandise.com/public_html/auth_check.php on line 2
[27-Oct-2024 12:08:08 UTC] PHP Notice:  session_start(): Ignoring session_start() because a session is already active in /home/admin.gwamerchandise.com/public_html/auth_check.php on line 2
