[17-Oct-2024 18:20:04 UTC] PHP Fatal error:  Uncaught mysqli_sql_exception: Field 'reset_token' doesn't have a default value in /home/admin.gwamerchandise.com/public_html/user/user.php:205
Stack trace:
#0 /home/admin.gwamerchandise.com/public_html/user/user.php(205): mysqli_stmt->execute()
#1 {main}
  thrown in /home/admin.gwamerchandise.com/public_html/user/user.php on line 205
[18-Oct-2024 12:37:11 UTC] PHP Fatal error:  Uncaught mysqli_sql_exception: Field 'reset_token' doesn't have a default value in /home/admin.gwamerchandise.com/public_html/user/user.php:205
Stack trace:
#0 /home/admin.gwamerchandise.com/public_html/user/user.php(205): mysqli_stmt->execute()
#1 {main}
  thrown in /home/admin.gwamerchandise.com/public_html/user/user.php on line 205
[18-Oct-2024 12:42:02 UTC] PHP Fatal error:  Uncaught mysqli_sql_exception: Field 'reset_token' doesn't have a default value in /home/admin.gwamerchandise.com/public_html/user/user.php:205
Stack trace:
#0 /home/admin.gwamerchandise.com/public_html/user/user.php(205): mysqli_stmt->execute()
#1 {main}
  thrown in /home/admin.gwamerchandise.com/public_html/user/user.php on line 205
[18-Oct-2024 12:43:39 UTC] PHP Fatal error:  Uncaught mysqli_sql_exception: Field 'reset_token' doesn't have a default value in /home/admin.gwamerchandise.com/public_html/user/user.php:205
Stack trace:
#0 /home/admin.gwamerchandise.com/public_html/user/user.php(205): mysqli_stmt->execute()
#1 {main}
  thrown in /home/admin.gwamerchandise.com/public_html/user/user.php on line 205
[24-Oct-2024 13:12:44 UTC] PHP Fatal error:  Uncaught mysqli_sql_exception: Field 'reset_token' doesn't have a default value in /home/admin.gwamerchandise.com/public_html/user/user.php:205
Stack trace:
#0 /home/admin.gwamerchandise.com/public_html/user/user.php(205): mysqli_stmt->execute()
#1 {main}
  thrown in /home/admin.gwamerchandise.com/public_html/user/user.php on line 205
[24-Oct-2024 13:38:23 UTC] PHP Parse error:  syntax error, unexpected token "<", expecting end of file in /home/admin.gwamerchandise.com/public_html/user/user.php on line 187
[24-Oct-2024 13:39:04 UTC] PHP Parse error:  syntax error, unexpected token "<", expecting end of file in /home/admin.gwamerchandise.com/public_html/user/user.php on line 186
[24-Oct-2024 13:44:55 UTC] PHP Fatal error:  Uncaught mysqli_sql_exception: Field 'reset_expires' doesn't have a default value in /home/admin.gwamerchandise.com/public_html/user/user.php:213
Stack trace:
#0 /home/admin.gwamerchandise.com/public_html/user/user.php(213): mysqli_stmt->execute()
#1 {main}
  thrown in /home/admin.gwamerchandise.com/public_html/user/user.php on line 213
[24-Oct-2024 13:57:29 UTC] PHP Parse error:  syntax error, unexpected token "<", expecting end of file in /home/admin.gwamerchandise.com/public_html/user/user.php on line 187
[24-Oct-2024 13:58:00 UTC] PHP Fatal error:  Uncaught mysqli_sql_exception: Column 'reset_expires' cannot be null in /home/admin.gwamerchandise.com/public_html/user/user.php:216
Stack trace:
#0 /home/admin.gwamerchandise.com/public_html/user/user.php(216): mysqli_stmt->execute()
#1 {main}
  thrown in /home/admin.gwamerchandise.com/public_html/user/user.php on line 216
[27-Oct-2024 07:21:10 UTC] PHP Warning:  Undefined array key "user_id" in /home/admin.gwamerchandise.com/public_html/user/login.php on line 30
[27-Oct-2024 07:21:38 UTC] PHP Warning:  Undefined array key "user_id" in /home/admin.gwamerchandise.com/public_html/user/login.php on line 30
[27-Oct-2024 07:26:03 UTC] PHP Notice:  session_start(): Ignoring session_start() because a session is already active in /home/admin.gwamerchandise.com/public_html/user/login.php on line 75
[27-Oct-2024 07:26:17 UTC] PHP Notice:  session_start(): Ignoring session_start() because a session is already active in /home/admin.gwamerchandise.com/public_html/user/login.php on line 75
[27-Oct-2024 07:44:23 UTC] PHP Fatal error:  Uncaught ArgumentCountError: The number of elements in the type definition string must match the number of bind variables in /home/admin.gwamerchandise.com/public_html/user/login.php:41
Stack trace:
#0 /home/admin.gwamerchandise.com/public_html/user/login.php(41): mysqli_stmt->bind_param()
#1 {main}
  thrown in /home/admin.gwamerchandise.com/public_html/user/login.php on line 41
[27-Oct-2024 07:46:12 UTC] PHP Fatal error:  Uncaught ArgumentCountError: The number of elements in the type definition string must match the number of bind variables in /home/admin.gwamerchandise.com/public_html/user/login.php:41
Stack trace:
#0 /home/admin.gwamerchandise.com/public_html/user/login.php(41): mysqli_stmt->bind_param()
#1 {main}
  thrown in /home/admin.gwamerchandise.com/public_html/user/login.php on line 41
[27-Oct-2024 08:24:45 UTC] PHP Warning:  session_start(): Session cannot be started after headers have already been sent in /home/admin.gwamerchandise.com/public_html/auth_check.php on line 2
[27-Oct-2024 08:24:45 UTC] PHP Warning:  Cannot modify header information - headers already sent by (output started at /home/admin.gwamerchandise.com/public_html/user/user.php:1) in /home/admin.gwamerchandise.com/public_html/auth_check.php on line 5
[27-Oct-2024 08:26:37 UTC] PHP Warning:  session_start(): Session cannot be started after headers have already been sent in /home/admin.gwamerchandise.com/public_html/auth_check.php on line 2
[27-Oct-2024 08:26:37 UTC] PHP Warning:  Cannot modify header information - headers already sent by (output started at /home/admin.gwamerchandise.com/public_html/user/user.php:1) in /home/admin.gwamerchandise.com/public_html/auth_check.php on line 5
